<?xml version="1.0" encoding="UTF-8"?>
<!-- Generated by org.testng.reporters.JUnitReportReporter -->
<testsuite hostname="apples-MacBook-Pro.local" failures="0" tests="1" name="attendance.empx.attendance" time="24.925" errors="0" timestamp="2021-01-03T21:14:33 IST" skipped="0">
  <testcase classname="attendance.empx.attendance" name="MarkAttendance" time="24.925"/>
  <system-out/>
</testsuite> <!-- attendance.empx.attendance -->
