<?xml version="1.0" encoding="UTF-8"?>
<!-- Generated by org.testng.reporters.JUnitReportReporter -->
<testsuite skipped="0" hostname="C02VH7NVHTD6" name="attendance.empx.attendance" tests="1" failures="0" timestamp="2020-08-05T17:59:50 IST" time="11.321" errors="0">
  <testcase name="MarkAttendance" time="11.321" classname="attendance.empx.attendance"/>
</testsuite> <!-- attendance.empx.attendance -->
