<?xml version="1.0" encoding="UTF-8"?>
<!-- Generated by org.testng.reporters.JUnitReportReporter -->
<testsuite skipped="0" hostname="C02VH7NVHTD6" name="attendance.empx.attendance" tests="1" failures="0" timestamp="05 Aug 2020 11:06:58 GMT" time="10.676" errors="0">
  <testcase name="MarkAttendance" time="10.676" classname="attendance.empx.attendance"/>
</testsuite> <!-- attendance.empx.attendance -->
